生成启动时间为 2018/11/26 22:23:59。
     1>项目“G:\vs\myprojects\TimeCorrect\TimeCorrect\TimeCorrect.vcxproj”在节点 2 上(Build 个目标)。
     1>CustomBuild:
         Moc'ing timecorrect.h...
         Uic'ing timecorrect.ui...
         Rcc'ing timecorrect.qrc...
     1>RCC : warning : No resources in 'G:\vs\myprojects\TimeCorrect\TimeCorrect\timecorrect.qrc'.
         
       ClCompile:
         G:\vs2013\VC\bin\CL.exe /c /I.\GeneratedFiles /I. /IG:\Laboratory\qt5\5.5\msvc2013_64\include /I.\GeneratedFiles\Debug /IG:\Laboratory\qt5\5.5\msvc2013_64\include\QtCore /IG:\Laboratory\qt5\5.5\msvc2013_64\include\QtGui /IG:\Laboratory\qt5\5.5\msvc2013_64\include\QtNetwork /IG:\Laboratory\qt5\5.5\msvc2013_64\include\QtWidgets /Zi /nologo /W1 /WX- /Od /Oy- /D UNICODE /D WIN32 /D WIN64 /D QT_DLL /D QT_CORE_LIB /D QT_GUI_LIB /D QT_NETWORK_LIB /D QT_WIDGETS_LIB /Gm- /EHsc /MDd /GS /fp:precise /Zc:wchar_t /Zc:forScope /Fo"Debug\\" /Fd"Debug\vc120.pdb" /Gd /TP /analyze- /errorReport:prompt GeneratedFiles\Debug\moc_timecorrect.cpp main.cpp timecorrect.cpp
         moc_timecorrect.cpp
         main.cpp
         timecorrect.cpp
         正在生成代码...
         G:\vs2013\VC\bin\CL.exe /c /I.\GeneratedFiles /I. /IG:\Laboratory\qt5\5.5\msvc2013_64\include /I.\GeneratedFiles\Debug /IG:\Laboratory\qt5\5.5\msvc2013_64\include\QtCore /IG:\Laboratory\qt5\5.5\msvc2013_64\include\QtGui /IG:\Laboratory\qt5\5.5\msvc2013_64\include\QtNetwork /IG:\Laboratory\qt5\5.5\msvc2013_64\include\QtWidgets /Zi /nologo /W1 /WX- /Od /Oy- /D UNICODE /D WIN32 /D WIN64 /D QT_DLL /D QT_CORE_LIB /D QT_GUI_LIB /D QT_NETWORK_LIB /D QT_WIDGETS_LIB /Gm- /EHsc /MDd /GS /fp:precise /Zc:wchar_t /Zc:forScope /Fo"Debug\\" /Fd"Debug\vc120.pdb" /Gd /TP /analyze- /errorReport:prompt GeneratedFiles\qrc_timecorrect.cpp
         qrc_timecorrect.cpp
       Link:
         G:\vs2013\VC\bin\link.exe /ERRORREPORT:PROMPT /OUT:"G:\vs\myprojects\TimeCorrect\Win32\Debug\\TimeCorrect.exe" /NOLOGO /LIBPATH:G:\Laboratory\qt5\5.5\msvc2013_64\lib qtmaind.lib Qt5Cored.lib Qt5Guid.lib Qt5Networkd.lib Qt5Widgetsd.lib kernel32.lib user32.lib gdi32.lib winspool.lib comdlg32.lib advapi32.lib shell32.lib ole32.lib oleaut32.lib uuid.lib odbc32.lib odbccp32.lib /MANIFEST /MANIFESTUAC:"level='asInvoker' uiAccess='false'" /manifest:embed /DEBUG /PDB:"G:\vs\myprojects\TimeCorrect\Win32\Debug\TimeCorrect.pdb" /SUBSYSTEM:WINDOWS /TLBID:1 /DYNAMICBASE /NXCOMPAT /IMPLIB:"G:\vs\myprojects\TimeCorrect\Win32\Debug\TimeCorrect.lib" /MACHINE:X86 /SAFESEH Debug\moc_timecorrect.obj
         Debug\qrc_timecorrect.obj
         Debug\main.obj
         Debug\timecorrect.obj
     1>Qt5Widgetsd.lib(Qt5Widgetsd.dll) : fatal error LNK1112: 模块计算机类型“x64”与目标计算机类型“X86”冲突
     1>已完成生成项目“G:\vs\myprojects\TimeCorrect\TimeCorrect\TimeCorrect.vcxproj”(Build 个目标)的操作 - 失败。

生成失败。

已用时间 00:00:05.76
