生成启动时间为 2018/11/27 11:06:58。
     1>项目“G:\vs\myprojects\TimeCorrect\TimeCorrect\TimeCorrect.vcxproj”在节点 2 上(Build 个目标)。
     1>CustomBuild:
         Uic'ing timecorrect.ui...
       ClCompile:
         G:\vs2013\VC\bin\x86_amd64\CL.exe /c /I.\GeneratedFiles /I. /IG:\Laboratory\qt5\5.5\msvc2013_64\include /I.\GeneratedFiles\Release /IG:\Laboratory\qt5\5.5\msvc2013_64\include\QtCore /IG:\Laboratory\qt5\5.5\msvc2013_64\include\QtGui /IG:\Laboratory\qt5\5.5\msvc2013_64\include\QtNetwork /IG:\Laboratory\qt5\5.5\msvc2013_64\include\QtWidgets /nologo /W1 /WX- /O2 /D UNICODE /D WIN32 /D WIN64 /D QT_DLL /D QT_NO_DEBUG /D NDEBUG /D QT_CORE_LIB /D QT_GUI_LIB /D QT_NETWORK_LIB /D QT_WIDGETS_LIB /Gm- /EHsc /MD /GS /fp:precise /Zc:wchar_t /Zc:forScope /Fo"x64\Release\\" /Fd"x64\Release\vc120.pdb" /Gd /TP /errorReport:prompt GeneratedFiles\Release\moc_timecorrect.cpp main.cpp timecorrect.cpp
         moc_timecorrect.cpp
         main.cpp
         timecorrect.cpp
         正在生成代码...
       Link:
         G:\vs2013\VC\bin\x86_amd64\link.exe /ERRORREPORT:PROMPT /OUT:"G:\vs\myprojects\TimeCorrect\x64\Release\\TimeCorrect.exe" /NOLOGO /LIBPATH:G:\Laboratory\qt5\5.5\msvc2013_64\lib qtmain.lib Qt5Core.lib Qt5Gui.lib Qt5Network.lib Qt5Widgets.lib kernel32.lib user32.lib gdi32.lib winspool.lib comdlg32.lib advapi32.lib shell32.lib ole32.lib oleaut32.lib uuid.lib odbc32.lib odbccp32.lib /MANIFEST /MANIFESTUAC:"level='asInvoker' uiAccess='false'" /manifest:embed /PDB:"G:\vs\myprojects\TimeCorrect\x64\Release\TimeCorrect.pdb" /SUBSYSTEM:WINDOWS /TLBID:1 /DYNAMICBASE /NXCOMPAT /IMPLIB:"G:\vs\myprojects\TimeCorrect\x64\Release\TimeCorrect.lib" /MACHINE:X64 x64\Release\TimeCorrect.res
         x64\Release\qrc_timecorrect.obj
         x64\Release\moc_timecorrect.obj
         x64\Release\main.obj
         x64\Release\timecorrect.obj
         TimeCorrect.vcxproj -> G:\vs\myprojects\TimeCorrect\x64\Release\TimeCorrect.exe
     1>已完成生成项目“G:\vs\myprojects\TimeCorrect\TimeCorrect\TimeCorrect.vcxproj”(Build 个目标)的操作。

生成成功。

已用时间 00:00:04.06
