g:\vs\myprojects\timecorrect\timecorrect\x64\release\qrc_timecorrect.obj
g:\vs\myprojects\timecorrect\timecorrect\x64\release\timecorrect.obj
g:\vs\myprojects\timecorrect\timecorrect\x64\release\main.obj
g:\vs\myprojects\timecorrect\timecorrect\x64\release\moc_timecorrect.obj
g:\vs\myprojects\timecorrect\timecorrect\generatedfiles\release\moc_timecorrect.cpp
g:\vs\myprojects\timecorrect\timecorrect\generatedfiles\ui_timecorrect.h
g:\vs\myprojects\timecorrect\timecorrect\generatedfiles\qrc_timecorrect.cpp
g:\vs\myprojects\timecorrect\x64\release\timecorrect.exe
g:\vs\myprojects\timecorrect\timecorrect\x64\release\timecorrect.res
g:\vs\myprojects\timecorrect\timecorrect\x64\release\timecorrect.tlog\cl.command.1.tlog
g:\vs\myprojects\timecorrect\timecorrect\x64\release\timecorrect.tlog\cl.read.1.tlog
g:\vs\myprojects\timecorrect\timecorrect\x64\release\timecorrect.tlog\cl.write.1.tlog
g:\vs\myprojects\timecorrect\timecorrect\x64\release\timecorrect.tlog\custombuild.command.1.tlog
g:\vs\myprojects\timecorrect\timecorrect\x64\release\timecorrect.tlog\custombuild.read.1.tlog
g:\vs\myprojects\timecorrect\timecorrect\x64\release\timecorrect.tlog\custombuild.write.1.tlog
g:\vs\myprojects\timecorrect\timecorrect\x64\release\timecorrect.tlog\link.command.1.tlog
g:\vs\myprojects\timecorrect\timecorrect\x64\release\timecorrect.tlog\link.read.1.tlog
g:\vs\myprojects\timecorrect\timecorrect\x64\release\timecorrect.tlog\link.write.1.tlog
g:\vs\myprojects\timecorrect\timecorrect\x64\release\timecorrect.tlog\rc.command.1.tlog
g:\vs\myprojects\timecorrect\timecorrect\x64\release\timecorrect.tlog\rc.read.1.tlog
g:\vs\myprojects\timecorrect\timecorrect\x64\release\timecorrect.tlog\rc.write.1.tlog
